<?xml version="1.0" encoding="UTF-8"?>
<testsuite xmlns:xsi="http://www.w3.org/2001/XMLSchema-instance" xsi:noNamespaceSchemaLocation="https://maven.apache.org/surefire/maven-surefire-plugin/xsd/surefire-test-report.xsd" name="org.Core.TransportTest" time="1.702" tests="4" errors="0" skipped="0" failures="0">
  <properties>
[...]
</properties>
  <testcase name="testGetStations" classname="org.Core.TransportTest" time="0.631"/>
  <testcase name="testGetConnectionsWithDate" classname="org.Core.TransportTest" time="0.295"/>
  <testcase name="testGetConnections" classname="org.Core.TransportTest" time="0.506"/>
  <testcase name="testGetStationBoard" classname="org.Core.TransportTest" time="0.235"/>
</testsuite>